experiments/embedded-plugin/android/app/build/intermediates/manifest_merge_blame_file/debug/processDebugMainManifest/manifest-merger-blame-debug-report.txt
1<?xml version="1.0" encoding="utf-8"?>
2<!--
3  This manifest exists only because Android Gradle builds an APK-shaped NPK.
4  PluginHost does not install this manifest as an application: do not add an
5  activity, exported component, or Android permission here.
6-->
7<manifest xmlns:android="http://schemas.android.com/apk/res/android"
8    package="com.olaink.probe"
9    android:versionCode="2"
10    android:versionName="0.0.2-probe" >
11
12    <uses-sdk
13        android:minSdkVersion="24"
14        android:targetSdkVersion="35" />
15    <!--
16    This manifest file is used only by Gradle to configure debug-only capabilities
17    for React Native Apps.
18    -->
19    <uses-permission android:name="android.permission.SYSTEM_ALERT_WINDOW" />
19-->[com.facebook.react:react-android:0.79.2] AndroidManifest.xml:16:5-78
19-->[com.facebook.react:react-android:0.79.2] AndroidManifest.xml:16:22-75
20
21    <permission
21-->[androidx.core:core:1.13.1] AndroidManifest.xml:22:5-24:47
22        android:name="com.olaink.probe.DYNAMIC_RECEIVER_NOT_EXPORTED_PERMISSION"
22-->[androidx.core:core:1.13.1] AndroidManifest.xml:23:9-81
23        android:protectionLevel="signature" />
23-->[androidx.core:core:1.13.1] AndroidManifest.xml:24:9-44
24
25    <uses-permission android:name="com.olaink.probe.DYNAMIC_RECEIVER_NOT_EXPORTED_PERMISSION" />
25-->[androidx.core:core:1.13.1] AndroidManifest.xml:26:5-97
25-->[androidx.core:core:1.13.1] AndroidManifest.xml:26:22-94
26
27    <application
27-->src/main/AndroidManifest.xml:8:3-83
28        android:allowBackup="false"
28-->src/main/AndroidManifest.xml:8:53-80
29        android:appComponentFactory="androidx.core.app.CoreComponentFactory"
29-->[androidx.core:core:1.13.1] AndroidManifest.xml:28:18-86
30        android:debuggable="true"
31        android:extractNativeLibs="false"
32        android:label="Ola Ink Native Probe" >
32-->src/main/AndroidManifest.xml:8:16-52
33        <activity
33-->[com.facebook.react:react-android:0.79.2] AndroidManifest.xml:19:9-21:40
34            android:name="com.facebook.react.devsupport.DevSettingsActivity"
34-->[com.facebook.react:react-android:0.79.2] AndroidManifest.xml:20:13-77
35            android:exported="false" />
35-->[com.facebook.react:react-android:0.79.2] AndroidManifest.xml:21:13-37
36
37        <provider
37-->[androidx.emoji2:emoji2:1.3.0] AndroidManifest.xml:24:9-32:20
38            android:name="androidx.startup.InitializationProvider"
38-->[androidx.emoji2:emoji2:1.3.0] AndroidManifest.xml:25:13-67
39            android:authorities="com.olaink.probe.androidx-startup"
39-->[androidx.emoji2:emoji2:1.3.0] AndroidManifest.xml:26:13-68
40            android:exported="false" >
40-->[androidx.emoji2:emoji2:1.3.0] AndroidManifest.xml:27:13-37
41            <meta-data
41-->[androidx.emoji2:emoji2:1.3.0] AndroidManifest.xml:29:13-31:52
42                android:name="androidx.emoji2.text.EmojiCompatInitializer"
42-->[androidx.emoji2:emoji2:1.3.0] AndroidManifest.xml:30:17-75
43                android:value="androidx.startup" />
43-->[androidx.emoji2:emoji2:1.3.0] AndroidManifest.xml:31:17-49
44            <meta-data
44-->[androidx.lifecycle:lifecycle-process:2.6.2] AndroidManifest.xml:29:13-31:52
45                android:name="androidx.lifecycle.ProcessLifecycleInitializer"
45-->[androidx.lifecycle:lifecycle-process:2.6.2] AndroidManifest.xml:30:17-78
46                android:value="androidx.startup" />
46-->[androidx.lifecycle:lifecycle-process:2.6.2] AndroidManifest.xml:31:17-49
47            <meta-data
47-->[androidx.profileinstaller:profileinstaller:1.3.1] AndroidManifest.xml:29:13-31:52
48                android:name="androidx.profileinstaller.ProfileInstallerInitializer"
48-->[androidx.profileinstaller:profileinstaller:1.3.1] AndroidManifest.xml:30:17-85
49                android:value="androidx.startup" />
49-->[androidx.profileinstaller:profileinstaller:1.3.1] AndroidManifest.xml:31:17-49
50        </provider>
51
52        <receiver
52-->[androidx.profileinstaller:profileinstaller:1.3.1] AndroidManifest.xml:34:9-52:20
53            android:name="androidx.profileinstaller.ProfileInstallReceiver"
53-->[androidx.profileinstaller:profileinstaller:1.3.1] AndroidManifest.xml:35:13-76
54            android:directBootAware="false"
54-->[androidx.profileinstaller:profileinstaller:1.3.1] AndroidManifest.xml:36:13-44
55            android:enabled="true"
55-->[androidx.profileinstaller:profileinstaller:1.3.1] AndroidManifest.xml:37:13-35
56            android:exported="true"
56-->[androidx.profileinstaller:profileinstaller:1.3.1] AndroidManifest.xml:38:13-36
57            android:permission="android.permission.DUMP" >
57-->[androidx.profileinstaller:profileinstaller:1.3.1] AndroidManifest.xml:39:13-57
58            <intent-filter>
58-->[androidx.profileinstaller:profileinstaller:1.3.1] AndroidManifest.xml:40:13-42:29
59                <action android:name="androidx.profileinstaller.action.INSTALL_PROFILE" />
59-->[androidx.profileinstaller:profileinstaller:1.3.1] AndroidManifest.xml:41:17-91
59-->[androidx.profileinstaller:profileinstaller:1.3.1] AndroidManifest.xml:41:25-88
60            </intent-filter>
61            <intent-filter>
61-->[androidx.profileinstaller:profileinstaller:1.3.1] AndroidManifest.xml:43:13-45:29
62                <action android:name="androidx.profileinstaller.action.SKIP_FILE" />
62-->[androidx.profileinstaller:profileinstaller:1.3.1] AndroidManifest.xml:44:17-85
62-->[androidx.profileinstaller:profileinstaller:1.3.1] AndroidManifest.xml:44:25-82
63            </intent-filter>
64            <intent-filter>
64-->[androidx.profileinstaller:profileinstaller:1.3.1] AndroidManifest.xml:46:13-48:29
65                <action android:name="androidx.profileinstaller.action.SAVE_PROFILE" />
65-->[androidx.profileinstaller:profileinstaller:1.3.1] AndroidManifest.xml:47:17-88
65-->[androidx.profileinstaller:profileinstaller:1.3.1] AndroidManifest.xml:47:25-85
66            </intent-filter>
67            <intent-filter>
67-->[androidx.profileinstaller:profileinstaller:1.3.1] AndroidManifest.xml:49:13-51:29
68                <action android:name="androidx.profileinstaller.action.BENCHMARK_OPERATION" />
68-->[androidx.profileinstaller:profileinstaller:1.3.1] AndroidManifest.xml:50:17-95
68-->[androidx.profileinstaller:profileinstaller:1.3.1] AndroidManifest.xml:50:25-92
69            </intent-filter>
70        </receiver>
71
72        <meta-data
72-->[com.facebook.soloader:soloader:0.12.1] AndroidManifest.xml:12:9-14:37
73            android:name="com.facebook.soloader.enabled"
73-->[com.facebook.soloader:soloader:0.12.1] AndroidManifest.xml:13:13-57
74            android:value="false" />
74-->[com.facebook.soloader:soloader:0.12.1] AndroidManifest.xml:14:13-34
75    </application>
76
77</manifest>